<?xml version="1.0" encoding="UTF-8"?>
<!-- Generated by org.testng.reporters.JUnitReportReporter -->
<testsuite skipped="0" hostname="BDC4-D-1ST4N62" name="ubs_training.training.Login" tests="2" failures="0" timestamp="08 Feb 2019 06:45:36 GMT" time="5.637" errors="0">
  <testcase name="f" time="2.800" classname="ubs_training.training.Login"/>
  <testcase name="f" time="2.837" classname="ubs_training.training.Login"/>
</testsuite> <!-- ubs_training.training.Login -->
