<?xml version="1.0" encoding="UTF-8"?>
<!-- Generated by org.testng.reporters.JUnitReportReporter -->
<testsuite skipped="0" hostname="BDC4-D-1ST4N62" name="ubs_training.training.ClearTrip" tests="1" failures="0" timestamp="08 Feb 2019 09:43:37 GMT" time="20.384" errors="0">
  <testcase name="f" time="20.384" classname="ubs_training.training.ClearTrip"/>
</testsuite> <!-- ubs_training.training.ClearTrip -->
