<?xml version="1.0" encoding="UTF-8"?>
<!-- Generated by org.testng.reporters.JUnitReportReporter -->
<testsuite skipped="0" hostname="BDC4-D-1ST4N62" name="ubs_training.training.Day2" tests="1" failures="0" timestamp="08 Feb 2019 05:05:16 GMT" time="0.806" errors="0">
  <testcase name="f" time="0.806" classname="ubs_training.training.Day2"/>
</testsuite> <!-- ubs_training.training.Day2 -->
